#
# There is insufficient memory for the Java Runtime Environment to continue.
# Native memory allocation (mmap) failed to map 65536 bytes for committing reserved memory.
# Possible reasons:
#   The system is out of physical RAM or swap space
#   In 32 bit mode, the process size limit was hit
# Possible solutions:
#   Reduce memory load on the system
#   Increase physical memory or swap space
#   Check if swap backing store is full
#   Use 64 bit Java on a 64 bit OS
#   Decrease Java heap size (-Xmx/-Xms)
#   Decrease number of Java threads
#   Decrease Java thread stack sizes (-Xss)
#   Set larger code cache with -XX:ReservedCodeCacheSize=
# This output file may be truncated or incomplete.
#
#  Out of Memory Error (os_linux.cpp:2627), pid=6886, tid=0x00007f14fca63700
#
# JRE version: OpenJDK Runtime Environment (8.0_121-b13) (build 1.8.0_121-b13)
# Java VM: OpenJDK 64-Bit Server VM (25.121-b13 mixed mode linux-amd64 compressed oops)
# Core dump written. Default location: /home/mpizzle/GameOfLifeThing/app/core or core.6886
#

---------------  T H R E A D  ---------------

Current thread (0x00007f150c0b8000):  JavaThread "C2 CompilerThread0" daemon [_thread_in_vm, id=6900, stack(0x00007f14fc963000,0x00007f14fca64000)]

Stack: [0x00007f14fc963000,0x00007f14fca64000],  sp=0x00007f14fca5f710,  free space=1009k
Native frames: (J=compiled Java code, j=interpreted, Vv=VM code, C=native code)
V  [libjvm.so+0xa2ce3b]
V  [libjvm.so+0x4b2387]
V  [libjvm.so+0x885fd0]
V  [libjvm.so+0x880d0f]
V  [libjvm.so+0xa29b34]
V  [libjvm.so+0x5cca4d]
V  [libjvm.so+0x435166]
V  [libjvm.so+0x42f54b]
V  [libjvm.so+0x433cbb]
V  [libjvm.so+0x895de9]
V  [libjvm.so+0x89d3f1]
V  [libjvm.so+0x455427]
V  [libjvm.so+0x458489]
V  [libjvm.so+0x3a9403]
V  [libjvm.so+0x463318]
V  [libjvm.so+0x464ffe]
V  [libjvm.so+0x9d35ff]
V  [libjvm.so+0x9d39d5]
V  [libjvm.so+0x8838a2]
C  [libpthread.so.0+0x7454]  start_thread+0xc4


Current CompileTask:
C2:   7090 1151       4       com.android.dx.ssa.SsaBasicBlock::forEachInsn (37 bytes)


---------------  P R O C E S S  ---------------

Java Threads: ( => current thread )
  0x00007f150c172800 JavaThread "pool-2-thread-2" [_thread_blocked, id=6907, stack(0x00007f14fc25c000,0x00007f14fc35d000)]
  0x00007f150c16e800 JavaThread "pool-3-thread-1" [_thread_blocked, id=6906, stack(0x00007f14fc35d000,0x00007f14fc45e000)]
  0x00007f150c16d000 JavaThread "pool-2-thread-1" [_thread_blocked, id=6905, stack(0x00007f14fc45e000,0x00007f14fc55f000)]
  0x00007f150c0e2000 JavaThread "Service Thread" daemon [_thread_blocked, id=6903, stack(0x00007f14fc660000,0x00007f14fc761000)]
  0x00007f150c0bd000 JavaThread "C1 CompilerThread2" daemon [_thread_in_vm, id=6902, stack(0x00007f14fc761000,0x00007f14fc862000)]
  0x00007f150c0bb000 JavaThread "C2 CompilerThread1" daemon [_thread_in_vm, id=6901, stack(0x00007f14fc862000,0x00007f14fc963000)]
=>0x00007f150c0b8000 JavaThread "C2 CompilerThread0" daemon [_thread_in_vm, id=6900, stack(0x00007f14fc963000,0x00007f14fca64000)]
  0x00007f150c0b7000 JavaThread "Signal Dispatcher" daemon [_thread_blocked, id=6899, stack(0x00007f14fca64000,0x00007f14fcb65000)]
  0x00007f150c083800 JavaThread "Finalizer" daemon [_thread_blocked, id=6898, stack(0x00007f14fccfd000,0x00007f14fcdfe000)]
  0x00007f150c07f000 JavaThread "Reference Handler" daemon [_thread_blocked, id=6897, stack(0x00007f14fcdfe000,0x00007f14fceff000)]
  0x00007f150c00a000 JavaThread "main" [_thread_blocked, id=6891, stack(0x00007f1515786000,0x00007f1515887000)]

Other Threads:
  0x00007f150c077800 VMThread [stack: 0x00007f14fceff000,0x00007f14fd000000] [id=6896]
  0x00007f150c0e4800 WatcherThread [stack: 0x00007f14fc55f000,0x00007f14fc660000] [id=6904]

VM state:synchronizing (normal execution)

VM Mutex/Monitor currently owned by a thread:  ([mutex/lock_event])
[0x00007f150c005800] CodeCache_lock - owner thread: 0x00007f150c0b8000
[0x00007f150c006480] Threads_lock - owner thread: 0x00007f150c077800
[0x00007f150c006e80] Compile_lock - owner thread: 0x00007f150c0bd000
[0x00007f150c006f80] MethodCompileQueue_lock - owner thread: 0x00007f150c0bd000

Heap:
 PSYoungGen      total 37888K, used 29908K [0x00000000eab00000, 0x00000000ef500000, 0x0000000100000000)
  eden space 32768K, 75% used [0x00000000eab00000,0x00000000ec33adc0,0x00000000ecb00000)
  from space 5120K, 99% used [0x00000000ecb00000,0x00000000ecffa5f8,0x00000000ed000000)
  to   space 5120K, 0% used [0x00000000ef000000,0x00000000ef000000,0x00000000ef500000)
 ParOldGen       total 86016K, used 25334K [0x00000000c0000000, 0x00000000c5400000, 0x00000000eab00000)
  object space 86016K, 29% used [0x00000000c0000000,0x00000000c18bdad0,0x00000000c5400000)
 Metaspace       used 5777K, capacity 6896K, committed 7040K, reserved 1056768K
  class space    used 569K, capacity 616K, committed 640K, reserved 1048576K

Card table byte_map: [0x00007f1512242000,0x00007f1512443000] byte_map_base: 0x00007f1511c42000

Marking Bits: (ParMarkBitMap*) 0x00007f1514a8e260
 Begin Bits: [0x00007f14ee000000, 0x00007f14ef000000)
 End Bits:   [0x00007f14ef000000, 0x00007f14f0000000)

Polling page: 0x00007f15158ae000

CodeCache: size=245760Kb used=4710Kb max_used=4710Kb free=241049Kb
 bounds [0x00007f14fd000000, 0x00007f14fd4a0000, 0x00007f150c000000]
 total_blobs=1449 nmethods=1186 adapters=175
 compilation: enabled

Compilation events (10 events):
Event: 2.051 Thread 0x00007f150c0bd000 nmethod 1232 0x00007f14fd498cd0 code [0x00007f14fd498e40, 0x00007f14fd498fc8]
Event: 2.051 Thread 0x00007f150c0bd000 1234       2       com.android.dx.rop.code.SourcePosition::equals (46 bytes)
Event: 2.051 Thread 0x00007f150c0bd000 nmethod 1234 0x00007f14fd499050 code [0x00007f14fd4991c0, 0x00007f14fd499408]
Event: 2.051 Thread 0x00007f150c0bd000 1235       2       com.android.dx.rop.type.StdTypeList::equalContents (56 bytes)
Event: 2.051 Thread 0x00007f150c0bd000 nmethod 1235 0x00007f14fd499510 code [0x00007f14fd4996c0, 0x00007f14fd499a08]
Event: 2.051 Thread 0x00007f150c0bd000 1238       2       com.android.dx.rop.code.CstInsn::contentEquals (31 bytes)
Event: 2.051 Thread 0x00007f150c0bd000 nmethod 1238 0x00007f14fd49a3d0 code [0x00007f14fd49a540, 0x00007f14fd49a758]
Event: 2.052 Thread 0x00007f150c0bd000 1239       2       com.android.dx.ssa.back.IdenticalBlockCombiner::process (323 bytes)
Event: 2.129 Thread 0x00007f150c0bd000 nmethod 1239 0x00007f14fd49bd50 code [0x00007f14fd49c020, 0x00007f14fd49c978]
Event: 2.129 Thread 0x00007f150c0bd000 1247       3       com.android.dx.rop.code.RegisterSpecSet::size (49 bytes)

GC Heap History (6 events):
Event: 1.191 GC heap before
{Heap before GC invocations=1 (full 0):
 PSYoungGen      total 37888K, used 32768K [0x00000000eab00000, 0x00000000ed500000, 0x0000000100000000)
  eden space 32768K, 100% used [0x00000000eab00000,0x00000000ecb00000,0x00000000ecb00000)
  from space 5120K, 0% used [0x00000000ed000000,0x00000000ed000000,0x00000000ed500000)
  to   space 5120K, 0% used [0x00000000ecb00000,0x00000000ecb00000,0x00000000ed000000)
 ParOldGen       total 86016K, used 0K [0x00000000c0000000, 0x00000000c5400000, 0x00000000eab00000)
  object space 86016K, 0% used [0x00000000c0000000,0x00000000c0000000,0x00000000c5400000)
 Metaspace       used 5608K, capacity 6768K, committed 7040K, reserved 1056768K
  class space    used 566K, capacity 616K, committed 640K, reserved 1048576K
Event: 1.198 GC heap after
Heap after GC invocations=1 (full 0):
 PSYoungGen      total 37888K, used 5110K [0x00000000eab00000, 0x00000000ed500000, 0x0000000100000000)
  eden space 32768K, 0% used [0x00000000eab00000,0x00000000eab00000,0x00000000ecb00000)
  from space 5120K, 99% used [0x00000000ecb00000,0x00000000ecffd838,0x00000000ed000000)
  to   space 5120K, 0% used [0x00000000ed000000,0x00000000ed000000,0x00000000ed500000)
 ParOldGen       total 86016K, used 1961K [0x00000000c0000000, 0x00000000c5400000, 0x00000000eab00000)
  object space 86016K, 2% used [0x00000000c0000000,0x00000000c01ea718,0x00000000c5400000)
 Metaspace       used 5608K, capacity 6768K, committed 7040K, reserved 1056768K
  class space    used 566K, capacity 616K, committed 640K, reserved 1048576K
}
Event: 1.392 GC heap before
{Heap before GC invocations=2 (full 0):
 PSYoungGen      total 37888K, used 37878K [0x00000000eab00000, 0x00000000ed500000, 0x0000000100000000)
  eden space 32768K, 100% used [0x00000000eab00000,0x00000000ecb00000,0x00000000ecb00000)
  from space 5120K, 99% used [0x00000000ecb00000,0x00000000ecffd838,0x00000000ed000000)
  to   space 5120K, 0% used [0x00000000ed000000,0x00000000ed000000,0x00000000ed500000)
 ParOldGen       total 86016K, used 1961K [0x00000000c0000000, 0x00000000c5400000, 0x00000000eab00000)
  object space 86016K, 2% used [0x00000000c0000000,0x00000000c01ea718,0x00000000c5400000)
 Metaspace       used 5681K, capacity 6832K, committed 7040K, reserved 1056768K
  class space    used 568K, capacity 616K, committed 640K, reserved 1048576K
Event: 1.411 GC heap after
Heap after GC invocations=2 (full 0):
 PSYoungGen      total 37888K, used 5110K [0x00000000eab00000, 0x00000000ef500000, 0x0000000100000000)
  eden space 32768K, 0% used [0x00000000eab00000,0x00000000eab00000,0x00000000ecb00000)
  from space 5120K, 99% used [0x00000000ed000000,0x00000000ed4fd800,0x00000000ed500000)
  to   space 5120K, 0% used [0x00000000ecb00000,0x00000000ecb00000,0x00000000ed000000)
 ParOldGen       total 86016K, used 13683K [0x00000000c0000000, 0x00000000c5400000, 0x00000000eab00000)
  object space 86016K, 15% used [0x00000000c0000000,0x00000000c0d5cfb8,0x00000000c5400000)
 Metaspace       used 5681K, capacity 6832K, committed 7040K, reserved 1056768K
  class space    used 568K, capacity 616K, committed 640K, reserved 1048576K
}
Event: 1.940 GC heap before
{Heap before GC invocations=3 (full 0):
 PSYoungGen      total 37888K, used 37878K [0x00000000eab00000, 0x00000000ef500000, 0x0000000100000000)
  eden space 32768K, 100% used [0x00000000eab00000,0x00000000ecb00000,0x00000000ecb00000)
  from space 5120K, 99% used [0x00000000ed000000,0x00000000ed4fd800,0x00000000ed500000)
  to   space 5120K, 0% used [0x00000000ecb00000,0x00000000ecb00000,0x00000000ed000000)
 ParOldGen       total 86016K, used 13683K [0x00000000c0000000, 0x00000000c5400000, 0x00000000eab00000)
  object space 86016K, 15% used [0x00000000c0000000,0x00000000c0d5cfb8,0x00000000c5400000)
 Metaspace       used 5734K, capacity 6896K, committed 7040K, reserved 1056768K
  class space    used 569K, capacity 616K, committed 640K, reserved 1048576K
Event: 1.968 GC heap after
Heap after GC invocations=3 (full 0):
 PSYoungGen      total 37888K, used 5097K [0x00000000eab00000, 0x00000000ef500000, 0x0000000100000000)
  eden space 32768K, 0% used [0x00000000eab00000,0x00000000eab00000,0x00000000ecb00000)
  from space 5120K, 99% used [0x00000000ecb00000,0x00000000ecffa5f8,0x00000000ed000000)
  to   space 5120K, 0% used [0x00000000ef000000,0x00000000ef000000,0x00000000ef500000)
 ParOldGen       total 86016K, used 25334K [0x00000000c0000000, 0x00000000c5400000, 0x00000000eab00000)
  object space 86016K, 29% used [0x00000000c0000000,0x00000000c18bdad0,0x00000000c5400000)
 Metaspace       used 5734K, capacity 6896K, committed 7040K, reserved 1056768K
  class space    used 569K, capacity 616K, committed 640K, reserved 1048576K
}

Deoptimization events (10 events):
Event: 0.981 Thread 0x00007f150c16d000 Uncommon trap: reason=unstable_if action=reinterpret pc=0x00007f14fd1a0658 method=com.android.dx.rop.cst.CstFieldRef.compareTo0(Lcom/android/dx/rop/cst/Constant;)I @ 7
Event: 1.035 Thread 0x00007f150c00a000 Uncommon trap: reason=unstable_if action=reinterpret pc=0x00007f14fd1e5bc0 method=java.lang.String.replace(CC)Ljava/lang/String; @ 26
Event: 1.040 Thread 0x00007f150c00a000 Uncommon trap: reason=unstable_if action=reinterpret pc=0x00007f14fd15f154 method=java.lang.String.<init>([CII)V @ 18
Event: 1.101 Thread 0x00007f150c175800 Uncommon trap: reason=unloaded action=reinterpret pc=0x00007f14fd28189c method=com.android.dx.ssa.SsaRenamer$BlockRenamer.visitMoveInsn(Lcom/android/dx/ssa/NormalSsaInsn;)V @ 208
Event: 1.101 Thread 0x00007f150c175800 Uncommon trap: reason=null_check action=make_not_entrant pc=0x00007f14fd27604c method=com.android.dx.ssa.SsaRenamer.getLocalForNewReg(I)Lcom/android/dx/rop/code/LocalItem; @ 19
Event: 1.101 Thread 0x00007f150c175800 Uncommon trap: reason=unstable_if action=reinterpret pc=0x00007f14fd28d0c8 method=java.util.HashMap.getNode(ILjava/lang/Object;)Ljava/util/HashMap$Node; @ 129
Event: 1.137 Thread 0x00007f150c16d000 Uncommon trap: reason=unstable_if action=reinterpret pc=0x00007f14fd19bc9c method=com.android.dx.rop.cst.Constant.compareTo(Lcom/android/dx/rop/cst/Constant;)I @ 12
Event: 1.150 Thread 0x00007f150c16d000 Uncommon trap: reason=unstable_if action=reinterpret pc=0x00007f14fd2b1e40 method=com.android.dx.rop.code.RegisterSpec.equals(ILcom/android/dx/rop/type/TypeBearer;Lcom/android/dx/rop/code/LocalItem;)Z @ 16
Event: 1.227 Thread 0x00007f150c16d000 Uncommon trap: reason=unstable_if action=reinterpret pc=0x00007f14fd2dce44 method=com.android.dx.rop.code.RegisterSpec.equals(ILcom/android/dx/rop/type/TypeBearer;Lcom/android/dx/rop/code/LocalItem;)Z @ 16
Event: 1.229 Thread 0x00007f150c16d000 Uncommon trap: reason=unstable_if action=reinterpret pc=0x00007f14fd206a48 method=java.util.HashMap.getNode(ILjava/lang/Object;)Ljava/util/HashMap$Node; @ 129

Internal exceptions (3 events):
Event: 0.361 Thread 0x00007f150c00a000 Exception <a 'java/lang/NoSuchMethodError': Method sun.misc.Unsafe.defineClass(Ljava/lang/String;[BII)Ljava/lang/Class; name or signature does not match> (0x00000000eab07ca8) thrown at [/build/java8-openjdk/src/jdk8u-jdk8u121-b13/hotspot/src/share/vm/prim
Event: 0.361 Thread 0x00007f150c00a000 Exception <a 'java/lang/NoSuchMethodError': Method sun.misc.Unsafe.prefetchRead(Ljava/lang/Object;J)V name or signature does not match> (0x00000000eab07f90) thrown at [/build/java8-openjdk/src/jdk8u-jdk8u121-b13/hotspot/src/share/vm/prims/jni.cpp, line 40
Event: 1.101 Thread 0x00007f150c175800 Implicit null exception at 0x00007f14fd2744f7 to 0x00007f14fd27602d

Events (10 events):
Event: 2.131 Thread 0x00007f150c172800 DEOPT UNPACKING pc=0x00007f14fd047373 sp=0x00007f14fc35aec0 mode 0
Event: 2.131 Thread 0x00007f150c172800 DEOPT PACKING pc=0x00007f14fd1b6f74 sp=0x00007f14fc35b170
Event: 2.131 Thread 0x00007f150c172800 DEOPT UNPACKING pc=0x00007f14fd047373 sp=0x00007f14fc35aec0 mode 0
Event: 2.136 Thread 0x00007f150c16d000 DEOPT PACKING pc=0x00007f14fd1b6f74 sp=0x00007f14fc55d170
Event: 2.136 Thread 0x00007f150c16d000 DEOPT UNPACKING pc=0x00007f14fd047373 sp=0x00007f14fc55cec0 mode 0
Event: 2.136 Thread 0x00007f150c16d000 DEOPT PACKING pc=0x00007f14fd1b6f74 sp=0x00007f14fc55d170
Event: 2.136 Thread 0x00007f150c16d000 DEOPT UNPACKING pc=0x00007f14fd047373 sp=0x00007f14fc55cec0 mode 0
Event: 2.137 Thread 0x00007f150c16d000 DEOPT PACKING pc=0x00007f14fd1b6f74 sp=0x00007f14fc55d170
Event: 2.137 Thread 0x00007f150c16d000 DEOPT UNPACKING pc=0x00007f14fd047373 sp=0x00007f14fc55cec0 mode 0
Event: 2.147 Thread 0x00007f150c174000 Thread exited: 0x00007f150c174000


Dynamic libraries:
00400000-00401000 r-xp 00000000 08:21 46794733                           /usr/lib/jvm/java-8-openjdk/jre/bin/java
00600000-00601000 r--p 00000000 08:21 46794733                           /usr/lib/jvm/java-8-openjdk/jre/bin/java
00601000-00602000 rw-p 00001000 08:21 46794733                           /usr/lib/jvm/java-8-openjdk/jre/bin/java
0146b000-0148c000 rw-p 00000000 00:00 0                                  [heap]
c0000000-c5400000 rw-p 00000000 00:00 0 
c5400000-eab00000 ---p 00000000 00:00 0 
eab00000-ef500000 rw-p 00000000 00:00 0 
ef500000-100000000 ---p 00000000 00:00 0 
100000000-1000a0000 rw-p 00000000 00:00 0 
1000a0000-140000000 ---p 00000000 00:00 0 
7f14ac000000-7f14ac028000 rw-p 00000000 00:00 0 
7f14ac028000-7f14b0000000 ---p 00000000 00:00 0 
7f14b4000000-7f14b403b000 rw-p 00000000 00:00 0 
7f14b403b000-7f14b8000000 ---p 00000000 00:00 0 
7f14b8000000-7f14b805f000 rw-p 00000000 00:00 0 
7f14b805f000-7f14bc000000 ---p 00000000 00:00 0 
7f14bc000000-7f14bc05f000 rw-p 00000000 00:00 0 
7f14bc05f000-7f14c0000000 ---p 00000000 00:00 0 
7f14c0000000-7f14c0021000 rw-p 00000000 00:00 0 
7f14c0021000-7f14c4000000 ---p 00000000 00:00 0 
7f14c4000000-7f14c4021000 rw-p 00000000 00:00 0 
7f14c4021000-7f14c8000000 ---p 00000000 00:00 0 
7f14c8000000-7f14c8021000 rw-p 00000000 00:00 0 
7f14c8021000-7f14cc000000 ---p 00000000 00:00 0 
7f14cc000000-7f14cd43c000 rw-p 00000000 00:00 0 
7f14cd43c000-7f14d0000000 ---p 00000000 00:00 0 
7f14d0000000-7f14d096a000 rw-p 00000000 00:00 0 
7f14d096a000-7f14d4000000 ---p 00000000 00:00 0 
7f14d4000000-7f14d4021000 rw-p 00000000 00:00 0 
7f14d4021000-7f14d8000000 ---p 00000000 00:00 0 
7f14d8000000-7f14d9223000 rw-p 00000000 00:00 0 
7f14d9223000-7f14dc000000 ---p 00000000 00:00 0 
7f14dc000000-7f14dc021000 rw-p 00000000 00:00 0 
7f14dc021000-7f14e0000000 ---p 00000000 00:00 0 
7f14e0000000-7f14e0021000 rw-p 00000000 00:00 0 
7f14e0021000-7f14e4000000 ---p 00000000 00:00 0 
7f14e4000000-7f14e4021000 rw-p 00000000 00:00 0 
7f14e4021000-7f14e8000000 ---p 00000000 00:00 0 
7f14e8000000-7f14e8021000 rw-p 00000000 00:00 0 
7f14e8021000-7f14ec000000 ---p 00000000 00:00 0 
7f14ee000000-7f14f0000000 rw-p 00000000 00:00 0 
7f14f0000000-7f14f0021000 rw-p 00000000 00:00 0 
7f14f0021000-7f14f4000000 ---p 00000000 00:00 0 
7f14f4000000-7f14f4021000 rw-p 00000000 00:00 0 
7f14f4021000-7f14f8000000 ---p 00000000 00:00 0 
7f14f8000000-7f14f8021000 rw-p 00000000 00:00 0 
7f14f8021000-7f14fc000000 ---p 00000000 00:00 0 
7f14fc05a000-7f14fc05d000 ---p 00000000 00:00 0 
7f14fc05d000-7f14fc15b000 rw-p 00000000 00:00 0 
7f14fc15b000-7f14fc15e000 ---p 00000000 00:00 0 
7f14fc15e000-7f14fc25c000 rw-p 00000000 00:00 0 
7f14fc25c000-7f14fc25f000 ---p 00000000 00:00 0 
7f14fc25f000-7f14fc35d000 rw-p 00000000 00:00 0 
7f14fc35d000-7f14fc360000 ---p 00000000 00:00 0 
7f14fc360000-7f14fc45e000 rw-p 00000000 00:00 0 
7f14fc45e000-7f14fc461000 ---p 00000000 00:00 0 
7f14fc461000-7f14fc55f000 rw-p 00000000 00:00 0 
7f14fc55f000-7f14fc560000 ---p 00000000 00:00 0 
7f14fc560000-7f14fc660000 rw-p 00000000 00:00 0 
7f14fc660000-7f14fc663000 ---p 00000000 00:00 0 
7f14fc663000-7f14fc761000 rw-p 00000000 00:00 0 
7f14fc761000-7f14fc764000 ---p 00000000 00:00 0 
7f14fc764000-7f14fc862000 rw-p 00000000 00:00 0 
7f14fc862000-7f14fc865000 ---p 00000000 00:00 0 
7f14fc865000-7f14fc963000 rw-p 00000000 00:00 0 
7f14fc963000-7f14fc966000 ---p 00000000 00:00 0 
7f14fc966000-7f14fca64000 rw-p 00000000 00:00 0 
7f14fca64000-7f14fca67000 ---p 00000000 00:00 0 
7f14fca67000-7f14fcb65000 rw-p 00000000 00:00 0 
7f14fcb65000-7f14fccfd000 r--p 00000000 08:21 45642919                   /usr/lib/locale/locale-archive
7f14fccfd000-7f14fcd00000 ---p 00000000 00:00 0 
7f14fcd00000-7f14fcdfe000 rw-p 00000000 00:00 0 
7f14fcdfe000-7f14fce01000 ---p 00000000 00:00 0 
7f14fce01000-7f14fceff000 rw-p 00000000 00:00 0 
7f14fceff000-7f14fcf00000 ---p 00000000 00:00 0 
7f14fcf00000-7f14fd000000 rw-p 00000000 00:00 0 
7f14fd000000-7f14fd4a0000 rwxp 00000000 00:00 0 
7f14fd4b0000-7f150c000000 ---p 00000000 00:00 0 
7f150c000000-7f150c1a4000 rw-p 00000000 00:00 0 
7f150c1a4000-7f1510000000 ---p 00000000 00:00 0 
7f15100e1000-7f15100ef000 r--s 000e0000 08:21 12323983                   /opt/android-sdk/build-tools/24.0.1/lib/dx.jar
7f15100ef000-7f15110a3000 rw-p 00000000 00:00 0 
7f15110a3000-7f1511272000 r--s 03c05000 08:21 46794765                   /usr/lib/jvm/java-8-openjdk/jre/lib/rt.jar
7f1511272000-7f1511928000 rw-p 00000000 00:00 0 
7f1511928000-7f1511ae8000 ---p 00000000 00:00 0 
7f1511ae8000-7f1511ce8000 rw-p 00000000 00:00 0 
7f1511ce8000-7f1511ce9000 ---p 00000000 00:00 0 
7f1511ce9000-7f1511de9000 rw-p 00000000 00:00 0 
7f1511de9000-7f1511dea000 ---p 00000000 00:00 0 
7f1511dea000-7f1511eea000 rw-p 00000000 00:00 0 
7f1511eea000-7f1511eeb000 ---p 00000000 00:00 0 
7f1511eeb000-7f1511feb000 rw-p 00000000 00:00 0 
7f1511feb000-7f1511fec000 ---p 00000000 00:00 0 
7f1511fec000-7f1512116000 rw-p 00000000 00:00 0 
7f1512116000-7f1512242000 ---p 00000000 00:00 0 
7f1512242000-7f151226c000 rw-p 00000000 00:00 0 
7f151226c000-7f1512397000 ---p 00000000 00:00 0 
7f1512397000-7f15123bd000 rw-p 00000000 00:00 0 
7f15123bd000-7f1512442000 ---p 00000000 00:00 0 
7f1512442000-7f1512456000 rw-p 00000000 00:00 0 
7f1512456000-7f1512803000 ---p 00000000 00:00 0 
7f1512803000-7f151280b000 r-xp 00000000 08:21 46794829                   /usr/lib/jvm/java-8-openjdk/jre/lib/amd64/libzip.so
7f151280b000-7f1512a0a000 ---p 00008000 08:21 46794829                   /usr/lib/jvm/java-8-openjdk/jre/lib/amd64/libzip.so
7f1512a0a000-7f1512a0b000 r--p 00007000 08:21 46794829                   /usr/lib/jvm/java-8-openjdk/jre/lib/amd64/libzip.so
7f1512a0b000-7f1512a0c000 rw-p 00008000 08:21 46794829                   /usr/lib/jvm/java-8-openjdk/jre/lib/amd64/libzip.so
7f1512a0c000-7f1512a16000 r-xp 00000000 08:21 45616363                   /usr/lib/libnss_files-2.24.so
7f1512a16000-7f1512c16000 ---p 0000a000 08:21 45616363                   /usr/lib/libnss_files-2.24.so
7f1512c16000-7f1512c17000 r--p 0000a000 08:21 45616363                   /usr/lib/libnss_files-2.24.so
7f1512c17000-7f1512c18000 rw-p 0000b000 08:21 45616363                   /usr/lib/libnss_files-2.24.so
7f1512c18000-7f1512c1e000 rw-p 00000000 00:00 0 
7f1512c1e000-7f1512c29000 r-xp 00000000 08:21 45616365                   /usr/lib/libnss_nis-2.24.so
7f1512c29000-7f1512e28000 ---p 0000b000 08:21 45616365                   /usr/lib/libnss_nis-2.24.so
7f1512e28000-7f1512e29000 r--p 0000a000 08:21 45616365                   /usr/lib/libnss_nis-2.24.so
7f1512e29000-7f1512e2a000 rw-p 0000b000 08:21 45616365                   /usr/lib/libnss_nis-2.24.so
7f1512e2a000-7f1512e3e000 r-xp 00000000 08:21 45616369                   /usr/lib/libnsl-2.24.so
7f1512e3e000-7f151303e000 ---p 00014000 08:21 45616369                   /usr/lib/libnsl-2.24.so
7f151303e000-7f151303f000 r--p 00014000 08:21 45616369                   /usr/lib/libnsl-2.24.so
7f151303f000-7f1513040000 rw-p 00015000 08:21 45616369                   /usr/lib/libnsl-2.24.so
7f1513040000-7f1513042000 rw-p 00000000 00:00 0 
7f1513042000-7f1513049000 r-xp 00000000 08:21 45616360                   /usr/lib/libnss_compat-2.24.so
7f1513049000-7f1513248000 ---p 00007000 08:21 45616360                   /usr/lib/libnss_compat-2.24.so
7f1513248000-7f1513249000 r--p 00006000 08:21 45616360                   /usr/lib/libnss_compat-2.24.so
7f1513249000-7f151324a000 rw-p 00007000 08:21 45616360                   /usr/lib/libnss_compat-2.24.so
7f151324a000-7f1513277000 r-xp 00000000 08:21 46794825                   /usr/lib/jvm/java-8-openjdk/jre/lib/amd64/libjava.so
7f1513277000-7f1513476000 ---p 0002d000 08:21 46794825                   /usr/lib/jvm/java-8-openjdk/jre/lib/amd64/libjava.so
7f1513476000-7f1513477000 r--p 0002c000 08:21 46794825                   /usr/lib/jvm/java-8-openjdk/jre/lib/amd64/libjava.so
7f1513477000-7f1513479000 rw-p 0002d000 08:21 46794825                   /usr/lib/jvm/java-8-openjdk/jre/lib/amd64/libjava.so
7f1513479000-7f1513486000 r-xp 00000000 08:21 46794808                   /usr/lib/jvm/java-8-openjdk/jre/lib/amd64/libverify.so
7f1513486000-7f1513685000 ---p 0000d000 08:21 46794808                   /usr/lib/jvm/java-8-openjdk/jre/lib/amd64/libverify.so
7f1513685000-7f1513687000 r--p 0000c000 08:21 46794808                   /usr/lib/jvm/java-8-openjdk/jre/lib/amd64/libverify.so
7f1513687000-7f1513688000 rw-p 0000e000 08:21 46794808                   /usr/lib/jvm/java-8-openjdk/jre/lib/amd64/libverify.so
7f1513688000-7f151368f000 r-xp 00000000 08:21 45616371                   /usr/lib/librt-2.24.so
7f151368f000-7f151388e000 ---p 00007000 08:21 45616371                   /usr/lib/librt-2.24.so
7f151388e000-7f151388f000 r--p 00006000 08:21 45616371                   /usr/lib/librt-2.24.so
7f151388f000-7f1513890000 rw-p 00007000 08:21 45616371                   /usr/lib/librt-2.24.so
7f1513890000-7f1513993000 r-xp 00000000 08:21 45616368                   /usr/lib/libm-2.24.so
7f1513993000-7f1513b92000 ---p 00103000 08:21 45616368                   /usr/lib/libm-2.24.so
7f1513b92000-7f1513b93000 r--p 00102000 08:21 45616368                   /usr/lib/libm-2.24.so
7f1513b93000-7f1513b94000 rw-p 00103000 08:21 45616368                   /usr/lib/libm-2.24.so
7f1513b94000-7f15147bf000 r-xp 00000000 08:21 46794834                   /usr/lib/jvm/java-8-openjdk/jre/lib/amd64/server/libjvm.so
7f15147bf000-7f15149be000 ---p 00c2b000 08:21 46794834                   /usr/lib/jvm/java-8-openjdk/jre/lib/amd64/server/libjvm.so
7f15149be000-7f1514a52000 r--p 00c2a000 08:21 46794834                   /usr/lib/jvm/java-8-openjdk/jre/lib/amd64/server/libjvm.so
7f1514a52000-7f1514a7b000 rw-p 00cbe000 08:21 46794834                   /usr/lib/jvm/java-8-openjdk/jre/lib/amd64/server/libjvm.so
7f1514a7b000-7f1514aab000 rw-p 00000000 00:00 0 
7f1514aab000-7f1514c40000 r-xp 00000000 08:21 45616292                   /usr/lib/libc-2.24.so
7f1514c40000-7f1514e3f000 ---p 00195000 08:21 45616292                   /usr/lib/libc-2.24.so
7f1514e3f000-7f1514e43000 r--p 00194000 08:21 45616292                   /usr/lib/libc-2.24.so
7f1514e43000-7f1514e45000 rw-p 00198000 08:21 45616292                   /usr/lib/libc-2.24.so
7f1514e45000-7f1514e49000 rw-p 00000000 00:00 0 
7f1514e49000-7f1514e4b000 r-xp 00000000 08:21 45616367                   /usr/lib/libdl-2.24.so
7f1514e4b000-7f151504b000 ---p 00002000 08:21 45616367                   /usr/lib/libdl-2.24.so
7f151504b000-7f151504c000 r--p 00002000 08:21 45616367                   /usr/lib/libdl-2.24.so
7f151504c000-7f151504d000 rw-p 00003000 08:21 45616367                   /usr/lib/libdl-2.24.so
7f151504d000-7f151505a000 r-xp 00000000 08:21 46794837                   /usr/lib/jvm/java-8-openjdk/jre/lib/amd64/jli/libjli.so
7f151505a000-7f1515259000 ---p 0000d000 08:21 46794837                   /usr/lib/jvm/java-8-openjdk/jre/lib/amd64/jli/libjli.so
7f1515259000-7f151525a000 r--p 0000c000 08:21 46794837                   /usr/lib/jvm/java-8-openjdk/jre/lib/amd64/jli/libjli.so
7f151525a000-7f151525b000 rw-p 0000d000 08:21 46794837                   /usr/lib/jvm/java-8-openjdk/jre/lib/amd64/jli/libjli.so
7f151525b000-7f1515271000 r-xp 00000000 08:21 45623475                   /usr/lib/libz.so.1.2.11
7f1515271000-7f1515470000 ---p 00016000 08:21 45623475                   /usr/lib/libz.so.1.2.11
7f1515470000-7f1515471000 r--p 00015000 08:21 45623475                   /usr/lib/libz.so.1.2.11
7f1515471000-7f1515472000 rw-p 00016000 08:21 45623475                   /usr/lib/libz.so.1.2.11
7f1515472000-7f151548a000 r-xp 00000000 08:21 45616268                   /usr/lib/libpthread-2.24.so
7f151548a000-7f1515689000 ---p 00018000 08:21 45616268                   /usr/lib/libpthread-2.24.so
7f1515689000-7f151568a000 r--p 00017000 08:21 45616268                   /usr/lib/libpthread-2.24.so
7f151568a000-7f151568b000 rw-p 00018000 08:21 45616268                   /usr/lib/libpthread-2.24.so
7f151568b000-7f151568f000 rw-p 00000000 00:00 0 
7f151568f000-7f15156b2000 r-xp 00000000 08:21 45616291                   /usr/lib/ld-2.24.so
7f15156b6000-7f1515786000 rw-p 00000000 00:00 0 
7f1515786000-7f1515789000 ---p 00000000 00:00 0 
7f1515789000-7f1515889000 rw-p 00000000 00:00 0 
7f1515890000-7f1515891000 r--p 00000000 08:21 45615190                   /usr/share/locale/en_GB/LC_MESSAGES/libc.mo
7f1515891000-7f15158a5000 rw-p 00000000 00:00 0 
7f15158a5000-7f15158ad000 rw-s 00000000 00:23 538838                     /tmp/hsperfdata_mpizzle/6886
7f15158ad000-7f15158ae000 rw-p 00000000 00:00 0 
7f15158ae000-7f15158af000 ---p 00000000 00:00 0 
7f15158af000-7f15158b1000 rw-p 00000000 00:00 0 
7f15158b1000-7f15158b2000 r--p 00022000 08:21 45616291                   /usr/lib/ld-2.24.so
7f15158b2000-7f15158b3000 rw-p 00023000 08:21 45616291                   /usr/lib/ld-2.24.so
7f15158b3000-7f15158b4000 rw-p 00000000 00:00 0 
7ffe2096b000-7ffe2098c000 rw-p 00000000 00:00 0                          [stack]
7ffe2099c000-7ffe2099e000 r--p 00000000 00:00 0                          [vvar]
7ffe2099e000-7ffe209a0000 r-xp 00000000 00:00 0                          [vdso]
ffffffffff600000-ffffffffff601000 r-xp 00000000 00:00 0                  [vsyscall]

VM Arguments:
jvm_args: -Djava.awt.headless=true -Xmx1024M -Dfile.encoding=UTF-8 -Duser.country=GB -Duser.language=en -Duser.variant 
java_command: com.android.dx.command.Main --dex --force-jumbo --num-threads=4 --multi-dex --output /home/mpizzle/GameOfLifeThing/app/build/intermediates/transforms/dex/debug/folders/1000/5/slice_4 /home/mpizzle/GameOfLifeThing/app/build/intermediates/transforms/instantRunSlicer/debug/folders/1/5/slice_4
java_class_path (initial): /opt/android-sdk/build-tools/24.0.1/lib/dx.jar
Launcher Type: SUN_STANDARD

Environment Variables:
PATH=/usr/local/sbin:/usr/local/bin:/usr/bin:/opt/android-sdk/platform-tools:/opt/android-sdk/tools:/usr/lib/jvm/default/bin:/usr/bin/site_perl:/usr/bin/vendor_perl:/usr/bin/core_perl
LD_LIBRARY_PATH=/opt/android-studio/bin:
SHELL=/bin/bash
DISPLAY=:0.0

Signal Handlers:
SIGSEGV: [libjvm.so+0xa2d880], sa_mask[0]=11111111011111111101111111111110, sa_flags=SA_RESTART|SA_SIGINFO
SIGBUS: [libjvm.so+0xa2d880], sa_mask[0]=11111111011111111101111111111110, sa_flags=SA_RESTART|SA_SIGINFO
SIGFPE: [libjvm.so+0x881d40], sa_mask[0]=11111111011111111101111111111110, sa_flags=SA_RESTART|SA_SIGINFO
SIGPIPE: [libjvm.so+0x881d40], sa_mask[0]=11111111011111111101111111111110, sa_flags=SA_RESTART|SA_SIGINFO
SIGXFSZ: [libjvm.so+0x881d40], sa_mask[0]=11111111011111111101111111111110, sa_flags=SA_RESTART|SA_SIGINFO
SIGILL: [libjvm.so+0x881d40], sa_mask[0]=11111111011111111101111111111110, sa_flags=SA_RESTART|SA_SIGINFO
SIGUSR1: SIG_DFL, sa_mask[0]=00000000000000000000000000000000, sa_flags=none
SIGUSR2: [libjvm.so+0x881c10], sa_mask[0]=00100000000000000000000000000000, sa_flags=SA_RESTART|SA_SIGINFO
SIGHUP: [libjvm.so+0x882080], sa_mask[0]=11111111011111111101111111111110, sa_flags=SA_RESTART|SA_SIGINFO
SIGINT: [libjvm.so+0x882080], sa_mask[0]=11111111011111111101111111111110, sa_flags=SA_RESTART|SA_SIGINFO
SIGTERM: [libjvm.so+0x882080], sa_mask[0]=11111111011111111101111111111110, sa_flags=SA_RESTART|SA_SIGINFO
SIGQUIT: [libjvm.so+0x882080], sa_mask[0]=11111111011111111101111111111110, sa_flags=SA_RESTART|SA_SIGINFO


---------------  S Y S T E M  ---------------

OS:NAME="Arch Linux"
PRETTY_NAME="Arch Linux"
ID=arch
ID_LIKE=archlinux
ANSI_COLOR="0;36"
HOME_URL="https://www.archlinux.org/"
SUPPORT_URL="https://bbs.archlinux.org/"
BUG_REPORT_URL="https://bugs.archlinux.org/"


uname:Linux 4.9.11-1-ARCH #1 SMP PREEMPT Sun Feb 19 13:45:52 UTC 2017 x86_64
libc:glibc 2.24 NPTL 2.24 
rlimit: STACK 8192k, CORE infinity, NPROC 31726, NOFILE 4096, AS infinity
load average:4.12 2.01 1.54

/proc/meminfo:
MemTotal:        8131148 kB
MemFree:          101180 kB
MemAvailable:          0 kB
Buffers:             564 kB
Cached:           128080 kB
SwapCached:            0 kB
Active:          7555164 kB
Inactive:         119548 kB
Active(anon):    7547680 kB
Inactive(anon):   112152 kB
Active(file):       7484 kB
Inactive(file):     7396 kB
Unevictable:           0 kB
Mlocked:               0 kB
SwapTotal:             0 kB
SwapFree:              0 kB
Dirty:                20 kB
Writeback:           472 kB
AnonPages:       7546124 kB
Mapped:           298796 kB
Shmem:            113708 kB
Slab:              58624 kB
SReclaimable:      24920 kB
SUnreclaim:        33704 kB
KernelStack:        5808 kB
PageTables:        25168 kB
NFS_Unstable:          0 kB
Bounce:                0 kB
WritebackTmp:          0 kB
CommitLimit:     4065572 kB
Committed_AS:    6952316 kB
VmallocTotal:   34359738367 kB
VmallocUsed:           0 kB
VmallocChunk:          0 kB
HardwareCorrupted:     0 kB
AnonHugePages:   5380096 kB
ShmemHugePages:        0 kB
ShmemPmdMapped:        0 kB
HugePages_Total:       0
HugePages_Free:        0
HugePages_Rsvd:        0
HugePages_Surp:        0
Hugepagesize:       2048 kB
DirectMap4k:      602300 kB
DirectMap2M:     7737344 kB


CPU:total 4 (4 cores per cpu, 1 threads per core) family 6 model 58 stepping 9, cmov, cx8, fxsr, mmx, sse, sse2, sse3, ssse3, sse4.1, sse4.2, popcnt, avx, aes, clmul, erms, tsc, tscinvbit, tscinv

/proc/cpuinfo:
processor	: 0
vendor_id	: GenuineIntel
cpu family	: 6
model		: 58
model name	: Intel(R) Core(TM) i5-3570K CPU @ 3.40GHz
stepping	: 9
microcode	: 0x12
cpu MHz		: 3786.816
cache size	: 6144 KB
physical id	: 0
siblings	: 4
core id		: 0
cpu cores	: 4
apicid		: 0
initial apicid	: 0
fpu		: yes
fpu_exception	: yes
cpuid level	: 13
wp		: yes
flags		: fpu vme de pse tsc msr pae mce cx8 apic sep mtrr pge mca cmov pat pse36 clflush dts acpi mmx fxsr sse sse2 ss ht tm pbe syscall nx rdtscp lm constant_tsc arch_perfmon pebs bts rep_good nopl xtopology nonstop_tsc aperfmperf eagerfpu pni pclmulqdq dtes64 monitor ds_cpl vmx est tm2 ssse3 cx16 xtpr pdcm pcid sse4_1 sse4_2 popcnt tsc_deadline_timer aes xsave avx f16c rdrand lahf_lm epb tpr_shadow vnmi flexpriority ept vpid fsgsbase smep erms xsaveopt dtherm ida arat pln pts
bugs		:
bogomips	: 6822.13
clflush size	: 64
cache_alignment	: 64
address sizes	: 36 bits physical, 48 bits virtual
power management:

processor	: 1
vendor_id	: GenuineIntel
cpu family	: 6
model		: 58
model name	: Intel(R) Core(TM) i5-3570K CPU @ 3.40GHz
stepping	: 9
microcode	: 0x12
cpu MHz		: 3798.645
cache size	: 6144 KB
physical id	: 0
siblings	: 4
core id		: 1
cpu cores	: 4
apicid		: 2
initial apicid	: 2
fpu		: yes
fpu_exception	: yes
cpuid level	: 13
wp		: yes
flags		: fpu vme de pse tsc msr pae mce cx8 apic sep mtrr pge mca cmov pat pse36 clflush dts acpi mmx fxsr sse sse2 ss ht tm pbe syscall nx rdtscp lm constant_tsc arch_perfmon pebs bts rep_good nopl xtopology nonstop_tsc aperfmperf eagerfpu pni pclmulqdq dtes64 monitor ds_cpl vmx est tm2 ssse3 cx16 xtpr pdcm pcid sse4_1 sse4_2 popcnt tsc_deadline_timer aes xsave avx f16c rdrand lahf_lm epb tpr_shadow vnmi flexpriority ept vpid fsgsbase smep erms xsaveopt dtherm ida arat pln pts
bugs		:
bogomips	: 6823.31
clflush size	: 64
cache_alignment	: 64
address sizes	: 36 bits physical, 48 bits virtual
power management:

processor	: 2
vendor_id	: GenuineIntel
cpu family	: 6
model		: 58
model name	: Intel(R) Core(TM) i5-3570K CPU @ 3.40GHz
stepping	: 9
microcode	: 0x12
cpu MHz		: 3667.700
cache size	: 6144 KB
physical id	: 0
siblings	: 4
core id		: 2
cpu cores	: 4
apicid		: 4
initial apicid	: 4
fpu		: yes
fpu_exception	: yes
cpuid level	: 13
wp		: yes
flags		: fpu vme de pse tsc msr pae mce cx8 apic sep mtrr pge mca cmov pat pse36 clflush dts acpi mmx fxsr sse sse2 ss ht tm pbe syscall nx rdtscp lm constant_tsc arch_perfmon pebs bts rep_good nopl xtopology nonstop_tsc aperfmperf eagerfpu pni pclmulqdq dtes64 monitor ds_cpl vmx est tm2 ssse3 cx16 xtpr pdcm pcid sse4_1 sse4_2 popcnt tsc_deadline_timer aes xsave avx f16c rdrand lahf_lm epb tpr_shadow vnmi flexpriority ept vpid fsgsbase smep erms xsaveopt dtherm ida arat pln pts
bugs		:
bogomips	: 6823.39
clflush size	: 64
cache_alignment	: 64
address sizes	: 36 bits physical, 48 bits virtual
power management:

processor	: 3
vendor_id	: GenuineIntel
cpu family	: 6
model		: 58
model name	: Intel(R) Core(TM) i5-3570K CPU @ 3.40GHz
stepping	: 9
microcode	: 0x12
cpu MHz		: 3700.280
cache size	: 6144 KB
physical id	: 0
siblings	: 4
core id		: 3
cpu cores	: 4
apicid		: 6
initial apicid	: 6
fpu		: yes
fpu_exception	: yes
cpuid level	: 13
wp		: yes
flags		: fpu vme de pse tsc msr pae mce cx8 apic sep mtrr pge mca cmov pat pse36 clflush dts acpi mmx fxsr sse sse2 ss ht tm pbe syscall nx rdtscp lm constant_tsc arch_perfmon pebs bts rep_good nopl xtopology nonstop_tsc aperfmperf eagerfpu pni pclmulqdq dtes64 monitor ds_cpl vmx est tm2 ssse3 cx16 xtpr pdcm pcid sse4_1 sse4_2 popcnt tsc_deadline_timer aes xsave avx f16c rdrand lahf_lm epb tpr_shadow vnmi flexpriority ept vpid fsgsbase smep erms xsaveopt dtherm ida arat pln pts
bugs		:
bogomips	: 6823.38
clflush size	: 64
cache_alignment	: 64
address sizes	: 36 bits physical, 48 bits virtual
power management:



Memory: 4k page, physical 8131148k(101156k free), swap 0k(0k free)

vm_info: OpenJDK 64-Bit Server VM (25.121-b13) for linux-amd64 JRE (1.8.0_121-b13), built on Jan 22 2017 09:22:31 by "builduser" with gcc 6.3.1 20170109

time: Sun Apr 16 18:29:39 2017
elapsed time: 14 seconds (0d 0h 0m 14s)

